[     250ms] [INFO] Images loaded lazily and replaced with placeholders. Load events are deferred. See https://go.microsoft.com/fwlink/?linkid=2048113 @ file:///C:/laragon/www/gruposantana/index.html:0
[   19857ms] [INFO] Images loaded lazily and replaced with placeholders. Load events are deferred. See https://go.microsoft.com/fwlink/?linkid=2048113 @ file:///C:/laragon/www/gruposantana/assets/js/main.js?a=a:245
[   56377ms] [INFO] Images loaded lazily and replaced with placeholders. Load events are deferred. See https://go.microsoft.com/fwlink/?linkid=2048113 @ file:///C:/laragon/www/gruposantana/assets/js/main.js?a=a:245
[  380941ms] [INFO] Images loaded lazily and replaced with placeholders. Load events are deferred. See https://go.microsoft.com/fwlink/?linkid=2048113 @ file:///C:/laragon/www/gruposantana/assets/js/main.js?a=a:245
[  417393ms] [INFO] Images loaded lazily and replaced with placeholders. Load events are deferred. See https://go.microsoft.com/fwlink/?linkid=2048113 @ file:///C:/laragon/www/gruposantana/assets/js/main.js?a=a:245
[ 1003440ms] [ERROR] Failed to load resource: net::ERR_FILE_NOT_FOUND @ file:///C:/laragon/www/gruposantana/assets/css/assets/img/backgrounds/chacara-piscina-03.webp:0
[ 1003551ms] [INFO] Images loaded lazily and replaced with placeholders. Load events are deferred. See https://go.microsoft.com/fwlink/?linkid=2048113 @ file:///C:/laragon/www/gruposantana/assets/js/main.js:245
[ 1003562ms] [WARNING] Swiper Loop Warning: The number of slides is not enough for loop mode, it will be disabled or not function properly. You need to add more slides (or make duplicates) or lower the values of slidesPerView and slidesPerGroup parameters @ https://cdn.jsdelivr.net/npm/swiper@11/swiper-bundle.min.js:12
[ 1003565ms] [WARNING] Swiper Loop Warning: The number of slides is not enough for loop mode, it will be disabled or not function properly. You need to add more slides (or make duplicates) or lower the values of slidesPerView and slidesPerGroup parameters @ https://cdn.jsdelivr.net/npm/swiper@11/swiper-bundle.min.js:12
[ 1003567ms] [WARNING] Swiper Loop Warning: The number of slides is not enough for loop mode, it will be disabled or not function properly. You need to add more slides (or make duplicates) or lower the values of slidesPerView and slidesPerGroup parameters @ https://cdn.jsdelivr.net/npm/swiper@11/swiper-bundle.min.js:12
[ 1003573ms] [WARNING] Swiper Loop Warning: The number of slides is not enough for loop mode, it will be disabled or not function properly. You need to add more slides (or make duplicates) or lower the values of slidesPerView and slidesPerGroup parameters @ https://cdn.jsdelivr.net/npm/swiper@11/swiper-bundle.min.js:12
[ 1003576ms] [WARNING] Swiper Loop Warning: The number of slides is not enough for loop mode, it will be disabled or not function properly. You need to add more slides (or make duplicates) or lower the values of slidesPerView and slidesPerGroup parameters @ https://cdn.jsdelivr.net/npm/swiper@11/swiper-bundle.min.js:12
[ 1003594ms] [ERROR] Failed to load resource: net::ERR_FILE_NOT_FOUND @ file:///C:/laragon/www/gruposantana/assets/css/assets/img/backgrounds/chacara-piscina-03.webp:0
[ 1004784ms] [ERROR] Failed to load resource: net::ERR_FILE_NOT_FOUND @ file:///C:/laragon/www/gruposantana/assets/css/assets/img/backgrounds/chacara-piscina-03.webp:0
[ 1007788ms] [WARNING] The resource file:///C:/laragon/www/gruposantana/assets/img/backgrounds/chacara-piscina-03.webp was preloaded using link preload but not used within a few seconds from the window's load event. Please make sure it has an appropriate `as` value and it is preloaded intentionally. @ file:///C:/laragon/www/gruposantana/index.html:0
[ 1052329ms] [INFO] Images loaded lazily and replaced with placeholders. Load events are deferred. See https://go.microsoft.com/fwlink/?linkid=2048113 @ file:///C:/laragon/www/gruposantana/assets/js/main.js:245
[ 1052337ms] [WARNING] Swiper Loop Warning: The number of slides is not enough for loop mode, it will be disabled or not function properly. You need to add more slides (or make duplicates) or lower the values of slidesPerView and slidesPerGroup parameters @ https://cdn.jsdelivr.net/npm/swiper@11/swiper-bundle.min.js:12
[ 1052340ms] [WARNING] Swiper Loop Warning: The number of slides is not enough for loop mode, it will be disabled or not function properly. You need to add more slides (or make duplicates) or lower the values of slidesPerView and slidesPerGroup parameters @ https://cdn.jsdelivr.net/npm/swiper@11/swiper-bundle.min.js:12
[ 1052342ms] [WARNING] Swiper Loop Warning: The number of slides is not enough for loop mode, it will be disabled or not function properly. You need to add more slides (or make duplicates) or lower the values of slidesPerView and slidesPerGroup parameters @ https://cdn.jsdelivr.net/npm/swiper@11/swiper-bundle.min.js:12
[ 1052347ms] [WARNING] Swiper Loop Warning: The number of slides is not enough for loop mode, it will be disabled or not function properly. You need to add more slides (or make duplicates) or lower the values of slidesPerView and slidesPerGroup parameters @ https://cdn.jsdelivr.net/npm/swiper@11/swiper-bundle.min.js:12
[ 1052349ms] [WARNING] Swiper Loop Warning: The number of slides is not enough for loop mode, it will be disabled or not function properly. You need to add more slides (or make duplicates) or lower the values of slidesPerView and slidesPerGroup parameters @ https://cdn.jsdelivr.net/npm/swiper@11/swiper-bundle.min.js:12
[ 1053675ms] [INFO] Images loaded lazily and replaced with placeholders. Load events are deferred. See https://go.microsoft.com/fwlink/?linkid=2048113 @ file:///C:/laragon/www/gruposantana/assets/js/main.js:245
[ 1053684ms] [WARNING] Swiper Loop Warning: The number of slides is not enough for loop mode, it will be disabled or not function properly. You need to add more slides (or make duplicates) or lower the values of slidesPerView and slidesPerGroup parameters @ https://cdn.jsdelivr.net/npm/swiper@11/swiper-bundle.min.js:12
[ 1053688ms] [WARNING] Swiper Loop Warning: The number of slides is not enough for loop mode, it will be disabled or not function properly. You need to add more slides (or make duplicates) or lower the values of slidesPerView and slidesPerGroup parameters @ https://cdn.jsdelivr.net/npm/swiper@11/swiper-bundle.min.js:12
[ 1053690ms] [WARNING] Swiper Loop Warning: The number of slides is not enough for loop mode, it will be disabled or not function properly. You need to add more slides (or make duplicates) or lower the values of slidesPerView and slidesPerGroup parameters @ https://cdn.jsdelivr.net/npm/swiper@11/swiper-bundle.min.js:12
[ 1053695ms] [WARNING] Swiper Loop Warning: The number of slides is not enough for loop mode, it will be disabled or not function properly. You need to add more slides (or make duplicates) or lower the values of slidesPerView and slidesPerGroup parameters @ https://cdn.jsdelivr.net/npm/swiper@11/swiper-bundle.min.js:12
[ 1053698ms] [WARNING] Swiper Loop Warning: The number of slides is not enough for loop mode, it will be disabled or not function properly. You need to add more slides (or make duplicates) or lower the values of slidesPerView and slidesPerGroup parameters @ https://cdn.jsdelivr.net/npm/swiper@11/swiper-bundle.min.js:12
[ 1069308ms] [INFO] Images loaded lazily and replaced with placeholders. Load events are deferred. See https://go.microsoft.com/fwlink/?linkid=2048113 @ file:///C:/laragon/www/gruposantana/assets/js/main.js:245
[ 1069315ms] [WARNING] Swiper Loop Warning: The number of slides is not enough for loop mode, it will be disabled or not function properly. You need to add more slides (or make duplicates) or lower the values of slidesPerView and slidesPerGroup parameters @ https://cdn.jsdelivr.net/npm/swiper@11/swiper-bundle.min.js:12
[ 1069318ms] [WARNING] Swiper Loop Warning: The number of slides is not enough for loop mode, it will be disabled or not function properly. You need to add more slides (or make duplicates) or lower the values of slidesPerView and slidesPerGroup parameters @ https://cdn.jsdelivr.net/npm/swiper@11/swiper-bundle.min.js:12
[ 1069320ms] [WARNING] Swiper Loop Warning: The number of slides is not enough for loop mode, it will be disabled or not function properly. You need to add more slides (or make duplicates) or lower the values of slidesPerView and slidesPerGroup parameters @ https://cdn.jsdelivr.net/npm/swiper@11/swiper-bundle.min.js:12
[ 1069326ms] [WARNING] Swiper Loop Warning: The number of slides is not enough for loop mode, it will be disabled or not function properly. You need to add more slides (or make duplicates) or lower the values of slidesPerView and slidesPerGroup parameters @ https://cdn.jsdelivr.net/npm/swiper@11/swiper-bundle.min.js:12
[ 1069327ms] [WARNING] Swiper Loop Warning: The number of slides is not enough for loop mode, it will be disabled or not function properly. You need to add more slides (or make duplicates) or lower the values of slidesPerView and slidesPerGroup parameters @ https://cdn.jsdelivr.net/npm/swiper@11/swiper-bundle.min.js:12
[ 1100021ms] [INFO] Images loaded lazily and replaced with placeholders. Load events are deferred. See https://go.microsoft.com/fwlink/?linkid=2048113 @ file:///C:/laragon/www/gruposantana/assets/js/main.js:245
[ 1100031ms] [WARNING] Swiper Loop Warning: The number of slides is not enough for loop mode, it will be disabled or not function properly. You need to add more slides (or make duplicates) or lower the values of slidesPerView and slidesPerGroup parameters @ https://cdn.jsdelivr.net/npm/swiper@11/swiper-bundle.min.js:12
[ 1100033ms] [WARNING] Swiper Loop Warning: The number of slides is not enough for loop mode, it will be disabled or not function properly. You need to add more slides (or make duplicates) or lower the values of slidesPerView and slidesPerGroup parameters @ https://cdn.jsdelivr.net/npm/swiper@11/swiper-bundle.min.js:12
[ 1100035ms] [WARNING] Swiper Loop Warning: The number of slides is not enough for loop mode, it will be disabled or not function properly. You need to add more slides (or make duplicates) or lower the values of slidesPerView and slidesPerGroup parameters @ https://cdn.jsdelivr.net/npm/swiper@11/swiper-bundle.min.js:12
[ 1100041ms] [WARNING] Swiper Loop Warning: The number of slides is not enough for loop mode, it will be disabled or not function properly. You need to add more slides (or make duplicates) or lower the values of slidesPerView and slidesPerGroup parameters @ https://cdn.jsdelivr.net/npm/swiper@11/swiper-bundle.min.js:12
[ 1100044ms] [WARNING] Swiper Loop Warning: The number of slides is not enough for loop mode, it will be disabled or not function properly. You need to add more slides (or make duplicates) or lower the values of slidesPerView and slidesPerGroup parameters @ https://cdn.jsdelivr.net/npm/swiper@11/swiper-bundle.min.js:12
[ 1115221ms] [INFO] Images loaded lazily and replaced with placeholders. Load events are deferred. See https://go.microsoft.com/fwlink/?linkid=2048113 @ file:///C:/laragon/www/gruposantana/assets/js/main.js:245
[ 1115231ms] [WARNING] Swiper Loop Warning: The number of slides is not enough for loop mode, it will be disabled or not function properly. You need to add more slides (or make duplicates) or lower the values of slidesPerView and slidesPerGroup parameters @ https://cdn.jsdelivr.net/npm/swiper@11/swiper-bundle.min.js:12
[ 1115233ms] [WARNING] Swiper Loop Warning: The number of slides is not enough for loop mode, it will be disabled or not function properly. You need to add more slides (or make duplicates) or lower the values of slidesPerView and slidesPerGroup parameters @ https://cdn.jsdelivr.net/npm/swiper@11/swiper-bundle.min.js:12
[ 1115235ms] [WARNING] Swiper Loop Warning: The number of slides is not enough for loop mode, it will be disabled or not function properly. You need to add more slides (or make duplicates) or lower the values of slidesPerView and slidesPerGroup parameters @ https://cdn.jsdelivr.net/npm/swiper@11/swiper-bundle.min.js:12
[ 1115240ms] [WARNING] Swiper Loop Warning: The number of slides is not enough for loop mode, it will be disabled or not function properly. You need to add more slides (or make duplicates) or lower the values of slidesPerView and slidesPerGroup parameters @ https://cdn.jsdelivr.net/npm/swiper@11/swiper-bundle.min.js:12
[ 1115242ms] [WARNING] Swiper Loop Warning: The number of slides is not enough for loop mode, it will be disabled or not function properly. You need to add more slides (or make duplicates) or lower the values of slidesPerView and slidesPerGroup parameters @ https://cdn.jsdelivr.net/npm/swiper@11/swiper-bundle.min.js:12
[ 1187017ms] [INFO] Images loaded lazily and replaced with placeholders. Load events are deferred. See https://go.microsoft.com/fwlink/?linkid=2048113 @ file:///C:/laragon/www/gruposantana/assets/js/main.js:245
[ 1234988ms] [INFO] Images loaded lazily and replaced with placeholders. Load events are deferred. See https://go.microsoft.com/fwlink/?linkid=2048113 @ file:///C:/laragon/www/gruposantana/assets/js/main.js:245
[ 1252680ms] [INFO] Images loaded lazily and replaced with placeholders. Load events are deferred. See https://go.microsoft.com/fwlink/?linkid=2048113 @ file:///C:/laragon/www/gruposantana/assets/js/main.js:245
